I, [2015-02-10T10:58:57.417316 #26073]  INFO -- : listening on addr=0.0.0.0:3000 fd=7
I, [2015-02-10T10:58:57.417676 #26073]  INFO -- : worker=0 spawning...
I, [2015-02-10T10:58:57.419050 #26073]  INFO -- : master process ready
I, [2015-02-10T10:58:57.420629 #26075]  INFO -- : worker=0 spawned pid=26075
I, [2015-02-10T10:58:57.420950 #26075]  INFO -- : Refreshing Gem list
I, [2015-02-10T10:58:59.808526 #26075]  INFO -- : worker=0 ready
2015-02-10 10:59:02 - PG::ConnectionBad - fe_sendauth: no password supplied
:
	/var/lib/gems/1.9.1/gems/activerecord-4.2.0/lib/active_record/connection_adapters/postgresql_adapter.rb:651:in `initialize'
	/var/lib/gems/1.9.1/gems/activerecord-4.2.0/lib/active_record/connection_adapters/postgresql_adapter.rb:651:in `new'
	/var/lib/gems/1.9.1/gems/activerecord-4.2.0/lib/active_record/connection_adapters/postgresql_adapter.rb:651:in `connect'
	/var/lib/gems/1.9.1/gems/activerecord-4.2.0/lib/active_record/connection_adapters/postgresql_adapter.rb:242:in `initialize'
	/var/lib/gems/1.9.1/gems/activerecord-4.2.0/lib/active_record/connection_adapters/postgresql_adapter.rb:44:in `new'
	/var/lib/gems/1.9.1/gems/activerecord-4.2.0/lib/active_record/connection_adapters/postgresql_adapter.rb:44:in `postgresql_connection'
	/var/lib/gems/1.9.1/gems/activerecord-4.2.0/lib/active_record/connection_adapters/abstract/connection_pool.rb:436:in `new_connection'
	/var/lib/gems/1.9.1/gems/activerecord-4.2.0/lib/active_record/connection_adapters/abstract/connection_pool.rb:446:in `checkout_new_connection'
	/var/lib/gems/1.9.1/gems/activerecord-4.2.0/lib/active_record/connection_adapters/abstract/connection_pool.rb:422:in `acquire_connection'
	/var/lib/gems/1.9.1/gems/activerecord-4.2.0/lib/active_record/connection_adapters/abstract/connection_pool.rb:349:in `block in checkout'
	/usr/lib/ruby/1.9.1/monitor.rb:211:in `mon_synchronize'
	/var/lib/gems/1.9.1/gems/activerecord-4.2.0/lib/active_record/connection_adapters/abstract/connection_pool.rb:348:in `checkout'
	/var/lib/gems/1.9.1/gems/activerecord-4.2.0/lib/active_record/connection_adapters/abstract/connection_pool.rb:263:in `block in connection'
	/usr/lib/ruby/1.9.1/monitor.rb:211:in `mon_synchronize'
	/var/lib/gems/1.9.1/gems/activerecord-4.2.0/lib/active_record/connection_adapters/abstract/connection_pool.rb:262:in `connection'
	/var/lib/gems/1.9.1/gems/activerecord-4.2.0/lib/active_record/connection_adapters/abstract/connection_pool.rb:565:in `retrieve_connection'
	/var/lib/gems/1.9.1/gems/activerecord-4.2.0/lib/active_record/connection_handling.rb:113:in `retrieve_connection'
	/var/lib/gems/1.9.1/gems/activerecord-4.2.0/lib/active_record/connection_handling.rb:87:in `connection'
	/var/lib/gems/1.9.1/gems/activerecord-4.2.0/lib/active_record/querying.rb:39:in `find_by_sql'
	/var/lib/gems/1.9.1/gems/activerecord-4.2.0/lib/active_record/relation.rb:638:in `exec_queries'
	/var/lib/gems/1.9.1/gems/activerecord-4.2.0/lib/active_record/relation.rb:514:in `load'
	/var/lib/gems/1.9.1/gems/activerecord-4.2.0/lib/active_record/relation.rb:243:in `to_a'
	/var/lib/gems/1.9.1/gems/activerecord-4.2.0/lib/active_record/relation/delegation.rb:46:in `each'
	/root/restaurant/views/foods/index.erb:5:in `block in singletonclass'
	/root/restaurant/views/foods/index.erb:65531:in `instance_eval'
	/root/restaurant/views/foods/index.erb:65531:in `singletonclass'
	/root/restaurant/views/foods/index.erb:65529:in `__tilt_4153340'
	/var/lib/gems/1.9.1/gems/tilt-1.4.1/lib/tilt/template.rb:170:in `call'
	/var/lib/gems/1.9.1/gems/tilt-1.4.1/lib/tilt/template.rb:170:in `evaluate'
	/var/lib/gems/1.9.1/gems/tilt-1.4.1/lib/tilt/template.rb:103:in `render'
	/var/lib/gems/1.9.1/bundler/gems/sinatra-1022584156d1/lib/sinatra/base.rb:822:in `render'
	/var/lib/gems/1.9.1/bundler/gems/sinatra-1022584156d1/lib/sinatra/base.rb:666:in `erb'
	/root/restaurant/app.rb:16:in `block in <class:Restaurant>'
	/var/lib/gems/1.9.1/bundler/gems/sinatra-1022584156d1/lib/sinatra/base.rb:1610:in `call'
	/var/lib/gems/1.9.1/bundler/gems/sinatra-1022584156d1/lib/sinatra/base.rb:1610:in `block in compile!'
	/var/lib/gems/1.9.1/bundler/gems/sinatra-1022584156d1/lib/sinatra/base.rb:974:in `[]'
	/var/lib/gems/1.9.1/bundler/gems/sinatra-1022584156d1/lib/sinatra/base.rb:974:in `block (3 levels) in route!'
	/var/lib/gems/1.9.1/bundler/gems/sinatra-1022584156d1/lib/sinatra/base.rb:993:in `route_eval'
	/var/lib/gems/1.9.1/bundler/gems/sinatra-1022584156d1/lib/sinatra/base.rb:974:in `block (2 levels) in route!'
	/var/lib/gems/1.9.1/bundler/gems/sinatra-1022584156d1/lib/sinatra/base.rb:1014:in `block in process_route'
	/var/lib/gems/1.9.1/bundler/gems/sinatra-1022584156d1/lib/sinatra/base.rb:1012:in `catch'
	/var/lib/gems/1.9.1/bundler/gems/sinatra-1022584156d1/lib/sinatra/base.rb:1012:in `process_route'
	/var/lib/gems/1.9.1/bundler/gems/sinatra-1022584156d1/lib/sinatra/base.rb:972:in `block in route!'
	/var/lib/gems/1.9.1/bundler/gems/sinatra-1022584156d1/lib/sinatra/base.rb:971:in `each'
	/var/lib/gems/1.9.1/bundler/gems/sinatra-1022584156d1/lib/sinatra/base.rb:971:in `route!'
	/var/lib/gems/1.9.1/bundler/gems/sinatra-1022584156d1/lib/sinatra/base.rb:1084:in `block in dispatch!'
	/var/lib/gems/1.9.1/bundler/gems/sinatra-1022584156d1/lib/sinatra/base.rb:1066:in `block in invoke'
	/var/lib/gems/1.9.1/bundler/gems/sinatra-1022584156d1/lib/sinatra/base.rb:1066:in `catch'
	/var/lib/gems/1.9.1/bundler/gems/sinatra-1022584156d1/lib/sinatra/base.rb:1066:in `invoke'
	/var/lib/gems/1.9.1/bundler/gems/sinatra-1022584156d1/lib/sinatra/base.rb:1081:in `dispatch!'
	/var/lib/gems/1.9.1/bundler/gems/sinatra-1022584156d1/lib/sinatra/base.rb:906:in `block in call!'
	/var/lib/gems/1.9.1/bundler/gems/sinatra-1022584156d1/lib/sinatra/base.rb:1066:in `block in invoke'
	/var/lib/gems/1.9.1/bundler/gems/sinatra-1022584156d1/lib/sinatra/base.rb:1066:in `catch'
	/var/lib/gems/1.9.1/bundler/gems/sinatra-1022584156d1/lib/sinatra/base.rb:1066:in `invoke'
	/var/lib/gems/1.9.1/bundler/gems/sinatra-1022584156d1/lib/sinatra/base.rb:906:in `call!'
	/var/lib/gems/1.9.1/bundler/gems/sinatra-1022584156d1/lib/sinatra/base.rb:894:in `call'
	/var/lib/gems/1.9.1/gems/rack-protection-1.5.3/lib/rack/protection/xss_header.rb:18:in `call'
	/var/lib/gems/1.9.1/gems/rack-protection-1.5.3/lib/rack/protection/base.rb:49:in `call'
	/var/lib/gems/1.9.1/gems/rack-protection-1.5.3/lib/rack/protection/base.rb:49:in `call'
	/var/lib/gems/1.9.1/gems/rack-protection-1.5.3/lib/rack/protection/path_traversal.rb:16:in `call'
	/var/lib/gems/1.9.1/gems/rack-protection-1.5.3/lib/rack/protection/json_csrf.rb:18:in `call'
	/var/lib/gems/1.9.1/gems/rack-protection-1.5.3/lib/rack/protection/base.rb:49:in `call'
	/var/lib/gems/1.9.1/gems/rack-protection-1.5.3/lib/rack/protection/base.rb:49:in `call'
	/var/lib/gems/1.9.1/gems/rack-protection-1.5.3/lib/rack/protection/frame_options.rb:31:in `call'
	/var/lib/gems/1.9.1/gems/rack-1.6.0/lib/rack/session/abstract/id.rb:225:in `context'
	/var/lib/gems/1.9.1/gems/rack-1.6.0/lib/rack/session/abstract/id.rb:220:in `call'
	/var/lib/gems/1.9.1/gems/rack-1.6.0/lib/rack/nulllogger.rb:9:in `call'
	/var/lib/gems/1.9.1/gems/rack-1.6.0/lib/rack/head.rb:13:in `call'
	/var/lib/gems/1.9.1/bundler/gems/sinatra-1022584156d1/lib/sinatra/show_exceptions.rb:21:in `call'
	/var/lib/gems/1.9.1/bundler/gems/sinatra-1022584156d1/lib/sinatra/base.rb:181:in `call'
	/var/lib/gems/1.9.1/bundler/gems/sinatra-1022584156d1/lib/sinatra/base.rb:2021:in `call'
	/var/lib/gems/1.9.1/bundler/gems/sinatra-1022584156d1/lib/sinatra/base.rb:1486:in `block in call'
	/var/lib/gems/1.9.1/bundler/gems/sinatra-1022584156d1/lib/sinatra/base.rb:1795:in `synchronize'
	/var/lib/gems/1.9.1/bundler/gems/sinatra-1022584156d1/lib/sinatra/base.rb:1486:in `call'
	/var/lib/gems/1.9.1/gems/rack-1.6.0/lib/rack/methodoverride.rb:22:in `call'
	/var/lib/gems/1.9.1/gems/rack-1.6.0/lib/rack/lint.rb:49:in `_call'
	/var/lib/gems/1.9.1/gems/rack-1.6.0/lib/rack/lint.rb:37:in `call'
	/var/lib/gems/1.9.1/gems/rack-1.6.0/lib/rack/showexceptions.rb:24:in `call'
	/var/lib/gems/1.9.1/gems/rack-1.6.0/lib/rack/commonlogger.rb:33:in `call'
	/var/lib/gems/1.9.1/bundler/gems/sinatra-1022584156d1/lib/sinatra/base.rb:218:in `call'
	/var/lib/gems/1.9.1/gems/rack-1.6.0/lib/rack/chunked.rb:54:in `call'
	/var/lib/gems/1.9.1/gems/rack-1.6.0/lib/rack/content_length.rb:15:in `call'
	/var/lib/gems/1.9.1/gems/unicorn-4.8.3/lib/unicorn/http_server.rb:576:in `process_client'
	/var/lib/gems/1.9.1/gems/unicorn-4.8.3/lib/unicorn/http_server.rb:670:in `worker_loop'
	/var/lib/gems/1.9.1/gems/unicorn-4.8.3/lib/unicorn/http_server.rb:525:in `spawn_missing_workers'
	/var/lib/gems/1.9.1/gems/unicorn-4.8.3/lib/unicorn/http_server.rb:140:in `start'
	/var/lib/gems/1.9.1/gems/unicorn-4.8.3/bin/unicorn:126:in `<top (required)>'
	/usr/local/bin/unicorn:23:in `load'
	/usr/local/bin/unicorn:23:in `<main>'
208.185.23.206 - - [10/Feb/2015:10:59:02 -0500] "GET /foods HTTP/1.1" 500 246403 0.2200
208.185.23.206 - - [10/Feb/2015:10:59:02 -0500] "GET /__sinatra__/500.png HTTP/1.1" 302 - 0.0091
2015-02-10 10:59:03 - PG::ConnectionBad - fe_sendauth: no password supplied
:
	/var/lib/gems/1.9.1/gems/activerecord-4.2.0/lib/active_record/connection_adapters/postgresql_adapter.rb:651:in `initialize'
	/var/lib/gems/1.9.1/gems/activerecord-4.2.0/lib/active_record/connection_adapters/postgresql_adapter.rb:651:in `new'
	/var/lib/gems/1.9.1/gems/activerecord-4.2.0/lib/active_record/connection_adapters/postgresql_adapter.rb:651:in `connect'
	/var/lib/gems/1.9.1/gems/activerecord-4.2.0/lib/active_record/connection_adapters/postgresql_adapter.rb:242:in `initialize'
	/var/lib/gems/1.9.1/gems/activerecord-4.2.0/lib/active_record/connection_adapters/postgresql_adapter.rb:44:in `new'
	/var/lib/gems/1.9.1/gems/activerecord-4.2.0/lib/active_record/connection_adapters/postgresql_adapter.rb:44:in `postgresql_connection'
	/var/lib/gems/1.9.1/gems/activerecord-4.2.0/lib/active_record/connection_adapters/abstract/connection_pool.rb:436:in `new_connection'
	/var/lib/gems/1.9.1/gems/activerecord-4.2.0/lib/active_record/connection_adapters/abstract/connection_pool.rb:446:in `checkout_new_connection'
	/var/lib/gems/1.9.1/gems/activerecord-4.2.0/lib/active_record/connection_adapters/abstract/connection_pool.rb:422:in `acquire_connection'
	/var/lib/gems/1.9.1/gems/activerecord-4.2.0/lib/active_record/connection_adapters/abstract/connection_pool.rb:349:in `block in checkout'
	/usr/lib/ruby/1.9.1/monitor.rb:211:in `mon_synchronize'
	/var/lib/gems/1.9.1/gems/activerecord-4.2.0/lib/active_record/connection_adapters/abstract/connection_pool.rb:348:in `checkout'
	/var/lib/gems/1.9.1/gems/activerecord-4.2.0/lib/active_record/connection_adapters/abstract/connection_pool.rb:263:in `block in connection'
	/usr/lib/ruby/1.9.1/monitor.rb:211:in `mon_synchronize'
	/var/lib/gems/1.9.1/gems/activerecord-4.2.0/lib/active_record/connection_adapters/abstract/connection_pool.rb:262:in `connection'
	/var/lib/gems/1.9.1/gems/activerecord-4.2.0/lib/active_record/connection_adapters/abstract/connection_pool.rb:565:in `retrieve_connection'
	/var/lib/gems/1.9.1/gems/activerecord-4.2.0/lib/active_record/connection_handling.rb:113:in `retrieve_connection'
	/var/lib/gems/1.9.1/gems/activerecord-4.2.0/lib/active_record/connection_handling.rb:87:in `connection'
	/var/lib/gems/1.9.1/gems/activerecord-4.2.0/lib/active_record/querying.rb:39:in `find_by_sql'
	/var/lib/gems/1.9.1/gems/activerecord-4.2.0/lib/active_record/relation.rb:638:in `exec_queries'
	/var/lib/gems/1.9.1/gems/activerecord-4.2.0/lib/active_record/relation.rb:514:in `load'
	/var/lib/gems/1.9.1/gems/activerecord-4.2.0/lib/active_record/relation.rb:243:in `to_a'
	/var/lib/gems/1.9.1/gems/activerecord-4.2.0/lib/active_record/relation/delegation.rb:46:in `each'
	/root/restaurant/views/foods/index.erb:5:in `block in singletonclass'
	/root/restaurant/views/foods/index.erb:65531:in `instance_eval'
	/root/restaurant/views/foods/index.erb:65531:in `singletonclass'
	/root/restaurant/views/foods/index.erb:65529:in `__tilt_4153340'
	/var/lib/gems/1.9.1/gems/tilt-1.4.1/lib/tilt/template.rb:170:in `call'
	/var/lib/gems/1.9.1/gems/tilt-1.4.1/lib/tilt/template.rb:170:in `evaluate'
	/var/lib/gems/1.9.1/gems/tilt-1.4.1/lib/tilt/template.rb:103:in `render'
	/var/lib/gems/1.9.1/bundler/gems/sinatra-1022584156d1/lib/sinatra/base.rb:822:in `render'
	/var/lib/gems/1.9.1/bundler/gems/sinatra-1022584156d1/lib/sinatra/base.rb:666:in `erb'
	/root/restaurant/app.rb:16:in `block in <class:Restaurant>'
	/var/lib/gems/1.9.1/bundler/gems/sinatra-1022584156d1/lib/sinatra/base.rb:1610:in `call'
	/var/lib/gems/1.9.1/bundler/gems/sinatra-1022584156d1/lib/sinatra/base.rb:1610:in `block in compile!'
	/var/lib/gems/1.9.1/bundler/gems/sinatra-1022584156d1/lib/sinatra/base.rb:974:in `[]'
	/var/lib/gems/1.9.1/bundler/gems/sinatra-1022584156d1/lib/sinatra/base.rb:974:in `block (3 levels) in route!'
	/var/lib/gems/1.9.1/bundler/gems/sinatra-1022584156d1/lib/sinatra/base.rb:993:in `route_eval'
	/var/lib/gems/1.9.1/bundler/gems/sinatra-1022584156d1/lib/sinatra/base.rb:974:in `block (2 levels) in route!'
	/var/lib/gems/1.9.1/bundler/gems/sinatra-1022584156d1/lib/sinatra/base.rb:1014:in `block in process_route'
	/var/lib/gems/1.9.1/bundler/gems/sinatra-1022584156d1/lib/sinatra/base.rb:1012:in `catch'
	/var/lib/gems/1.9.1/bundler/gems/sinatra-1022584156d1/lib/sinatra/base.rb:1012:in `process_route'
	/var/lib/gems/1.9.1/bundler/gems/sinatra-1022584156d1/lib/sinatra/base.rb:972:in `block in route!'
	/var/lib/gems/1.9.1/bundler/gems/sinatra-1022584156d1/lib/sinatra/base.rb:971:in `each'
	/var/lib/gems/1.9.1/bundler/gems/sinatra-1022584156d1/lib/sinatra/base.rb:971:in `route!'
	/var/lib/gems/1.9.1/bundler/gems/sinatra-1022584156d1/lib/sinatra/base.rb:1084:in `block in dispatch!'
	/var/lib/gems/1.9.1/bundler/gems/sinatra-1022584156d1/lib/sinatra/base.rb:1066:in `block in invoke'
	/var/lib/gems/1.9.1/bundler/gems/sinatra-1022584156d1/lib/sinatra/base.rb:1066:in `catch'
	/var/lib/gems/1.9.1/bundler/gems/sinatra-1022584156d1/lib/sinatra/base.rb:1066:in `invoke'
	/var/lib/gems/1.9.1/bundler/gems/sinatra-1022584156d1/lib/sinatra/base.rb:1081:in `dispatch!'
	/var/lib/gems/1.9.1/bundler/gems/sinatra-1022584156d1/lib/sinatra/base.rb:906:in `block in call!'
	/var/lib/gems/1.9.1/bundler/gems/sinatra-1022584156d1/lib/sinatra/base.rb:1066:in `block in invoke'
	/var/lib/gems/1.9.1/bundler/gems/sinatra-1022584156d1/lib/sinatra/base.rb:1066:in `catch'
	/var/lib/gems/1.9.1/bundler/gems/sinatra-1022584156d1/lib/sinatra/base.rb:1066:in `invoke'
	/var/lib/gems/1.9.1/bundler/gems/sinatra-1022584156d1/lib/sinatra/base.rb:906:in `call!'
	/var/lib/gems/1.9.1/bundler/gems/sinatra-1022584156d1/lib/sinatra/base.rb:894:in `call'
	/var/lib/gems/1.9.1/gems/rack-protection-1.5.3/lib/rack/protection/xss_header.rb:18:in `call'
	/var/lib/gems/1.9.1/gems/rack-protection-1.5.3/lib/rack/protection/base.rb:49:in `call'
	/var/lib/gems/1.9.1/gems/rack-protection-1.5.3/lib/rack/protection/base.rb:49:in `call'
	/var/lib/gems/1.9.1/gems/rack-protection-1.5.3/lib/rack/protection/path_traversal.rb:16:in `call'
	/var/lib/gems/1.9.1/gems/rack-protection-1.5.3/lib/rack/protection/json_csrf.rb:18:in `call'
	/var/lib/gems/1.9.1/gems/rack-protection-1.5.3/lib/rack/protection/base.rb:49:in `call'
	/var/lib/gems/1.9.1/gems/rack-protection-1.5.3/lib/rack/protection/base.rb:49:in `call'
	/var/lib/gems/1.9.1/gems/rack-protection-1.5.3/lib/rack/protection/frame_options.rb:31:in `call'
	/var/lib/gems/1.9.1/gems/rack-1.6.0/lib/rack/session/abstract/id.rb:225:in `context'
	/var/lib/gems/1.9.1/gems/rack-1.6.0/lib/rack/session/abstract/id.rb:220:in `call'
	/var/lib/gems/1.9.1/gems/rack-1.6.0/lib/rack/nulllogger.rb:9:in `call'
	/var/lib/gems/1.9.1/gems/rack-1.6.0/lib/rack/head.rb:13:in `call'
	/var/lib/gems/1.9.1/bundler/gems/sinatra-1022584156d1/lib/sinatra/show_exceptions.rb:21:in `call'
	/var/lib/gems/1.9.1/bundler/gems/sinatra-1022584156d1/lib/sinatra/base.rb:181:in `call'
	/var/lib/gems/1.9.1/bundler/gems/sinatra-1022584156d1/lib/sinatra/base.rb:2021:in `call'
	/var/lib/gems/1.9.1/bundler/gems/sinatra-1022584156d1/lib/sinatra/base.rb:1486:in `block in call'
	/var/lib/gems/1.9.1/bundler/gems/sinatra-1022584156d1/lib/sinatra/base.rb:1795:in `synchronize'
	/var/lib/gems/1.9.1/bundler/gems/sinatra-1022584156d1/lib/sinatra/base.rb:1486:in `call'
	/var/lib/gems/1.9.1/gems/rack-1.6.0/lib/rack/methodoverride.rb:22:in `call'
	/var/lib/gems/1.9.1/gems/rack-1.6.0/lib/rack/lint.rb:49:in `_call'
	/var/lib/gems/1.9.1/gems/rack-1.6.0/lib/rack/lint.rb:37:in `call'
	/var/lib/gems/1.9.1/gems/rack-1.6.0/lib/rack/showexceptions.rb:24:in `call'
	/var/lib/gems/1.9.1/gems/rack-1.6.0/lib/rack/commonlogger.rb:33:in `call'
	/var/lib/gems/1.9.1/bundler/gems/sinatra-1022584156d1/lib/sinatra/base.rb:218:in `call'
	/var/lib/gems/1.9.1/gems/rack-1.6.0/lib/rack/chunked.rb:54:in `call'
	/var/lib/gems/1.9.1/gems/rack-1.6.0/lib/rack/content_length.rb:15:in `call'
	/var/lib/gems/1.9.1/gems/unicorn-4.8.3/lib/unicorn/http_server.rb:576:in `process_client'
	/var/lib/gems/1.9.1/gems/unicorn-4.8.3/lib/unicorn/http_server.rb:670:in `worker_loop'
	/var/lib/gems/1.9.1/gems/unicorn-4.8.3/lib/unicorn/http_server.rb:525:in `spawn_missing_workers'
	/var/lib/gems/1.9.1/gems/unicorn-4.8.3/lib/unicorn/http_server.rb:140:in `start'
	/var/lib/gems/1.9.1/gems/unicorn-4.8.3/bin/unicorn:126:in `<top (required)>'
	/usr/local/bin/unicorn:23:in `load'
	/usr/local/bin/unicorn:23:in `<main>'
208.185.23.206 - - [10/Feb/2015:10:59:03 -0500] "GET /foods HTTP/1.1" 500 246743 0.2541
208.185.23.206 - - [10/Feb/2015:10:59:03 -0500] "GET /favicon.ico HTTP/1.1" 302 - 0.0034
2015-02-10 10:59:03 - PG::ConnectionBad - fe_sendauth: no password supplied
:
	/var/lib/gems/1.9.1/gems/activerecord-4.2.0/lib/active_record/connection_adapters/postgresql_adapter.rb:651:in `initialize'
	/var/lib/gems/1.9.1/gems/activerecord-4.2.0/lib/active_record/connection_adapters/postgresql_adapter.rb:651:in `new'
	/var/lib/gems/1.9.1/gems/activerecord-4.2.0/lib/active_record/connection_adapters/postgresql_adapter.rb:651:in `connect'
	/var/lib/gems/1.9.1/gems/activerecord-4.2.0/lib/active_record/connection_adapters/postgresql_adapter.rb:242:in `initialize'
	/var/lib/gems/1.9.1/gems/activerecord-4.2.0/lib/active_record/connection_adapters/postgresql_adapter.rb:44:in `new'
	/var/lib/gems/1.9.1/gems/activerecord-4.2.0/lib/active_record/connection_adapters/postgresql_adapter.rb:44:in `postgresql_connection'
	/var/lib/gems/1.9.1/gems/activerecord-4.2.0/lib/active_record/connection_adapters/abstract/connection_pool.rb:436:in `new_connection'
	/var/lib/gems/1.9.1/gems/activerecord-4.2.0/lib/active_record/connection_adapters/abstract/connection_pool.rb:446:in `checkout_new_connection'
	/var/lib/gems/1.9.1/gems/activerecord-4.2.0/lib/active_record/connection_adapters/abstract/connection_pool.rb:422:in `acquire_connection'
	/var/lib/gems/1.9.1/gems/activerecord-4.2.0/lib/active_record/connection_adapters/abstract/connection_pool.rb:349:in `block in checkout'
	/usr/lib/ruby/1.9.1/monitor.rb:211:in `mon_synchronize'
	/var/lib/gems/1.9.1/gems/activerecord-4.2.0/lib/active_record/connection_adapters/abstract/connection_pool.rb:348:in `checkout'
	/var/lib/gems/1.9.1/gems/activerecord-4.2.0/lib/active_record/connection_adapters/abstract/connection_pool.rb:263:in `block in connection'
	/usr/lib/ruby/1.9.1/monitor.rb:211:in `mon_synchronize'
	/var/lib/gems/1.9.1/gems/activerecord-4.2.0/lib/active_record/connection_adapters/abstract/connection_pool.rb:262:in `connection'
	/var/lib/gems/1.9.1/gems/activerecord-4.2.0/lib/active_record/connection_adapters/abstract/connection_pool.rb:565:in `retrieve_connection'
	/var/lib/gems/1.9.1/gems/activerecord-4.2.0/lib/active_record/connection_handling.rb:113:in `retrieve_connection'
	/var/lib/gems/1.9.1/gems/activerecord-4.2.0/lib/active_record/connection_handling.rb:87:in `connection'
	/var/lib/gems/1.9.1/gems/activerecord-4.2.0/lib/active_record/querying.rb:39:in `find_by_sql'
	/var/lib/gems/1.9.1/gems/activerecord-4.2.0/lib/active_record/relation.rb:638:in `exec_queries'
	/var/lib/gems/1.9.1/gems/activerecord-4.2.0/lib/active_record/relation.rb:514:in `load'
	/var/lib/gems/1.9.1/gems/activerecord-4.2.0/lib/active_record/relation.rb:243:in `to_a'
	/var/lib/gems/1.9.1/gems/activerecord-4.2.0/lib/active_record/relation/delegation.rb:46:in `each'
	/root/restaurant/views/foods/index.erb:5:in `block in singletonclass'
	/root/restaurant/views/foods/index.erb:65531:in `instance_eval'
	/root/restaurant/views/foods/index.erb:65531:in `singletonclass'
	/root/restaurant/views/foods/index.erb:65529:in `__tilt_4153340'
	/var/lib/gems/1.9.1/gems/tilt-1.4.1/lib/tilt/template.rb:170:in `call'
	/var/lib/gems/1.9.1/gems/tilt-1.4.1/lib/tilt/template.rb:170:in `evaluate'
	/var/lib/gems/1.9.1/gems/tilt-1.4.1/lib/tilt/template.rb:103:in `render'
	/var/lib/gems/1.9.1/bundler/gems/sinatra-1022584156d1/lib/sinatra/base.rb:822:in `render'
	/var/lib/gems/1.9.1/bundler/gems/sinatra-1022584156d1/lib/sinatra/base.rb:666:in `erb'
	/root/restaurant/app.rb:16:in `block in <class:Restaurant>'
	/var/lib/gems/1.9.1/bundler/gems/sinatra-1022584156d1/lib/sinatra/base.rb:1610:in `call'
	/var/lib/gems/1.9.1/bundler/gems/sinatra-1022584156d1/lib/sinatra/base.rb:1610:in `block in compile!'
	/var/lib/gems/1.9.1/bundler/gems/sinatra-1022584156d1/lib/sinatra/base.rb:974:in `[]'
	/var/lib/gems/1.9.1/bundler/gems/sinatra-1022584156d1/lib/sinatra/base.rb:974:in `block (3 levels) in route!'
	/var/lib/gems/1.9.1/bundler/gems/sinatra-1022584156d1/lib/sinatra/base.rb:993:in `route_eval'
	/var/lib/gems/1.9.1/bundler/gems/sinatra-1022584156d1/lib/sinatra/base.rb:974:in `block (2 levels) in route!'
	/var/lib/gems/1.9.1/bundler/gems/sinatra-1022584156d1/lib/sinatra/base.rb:1014:in `block in process_route'
	/var/lib/gems/1.9.1/bundler/gems/sinatra-1022584156d1/lib/sinatra/base.rb:1012:in `catch'
	/var/lib/gems/1.9.1/bundler/gems/sinatra-1022584156d1/lib/sinatra/base.rb:1012:in `process_route'
	/var/lib/gems/1.9.1/bundler/gems/sinatra-1022584156d1/lib/sinatra/base.rb:972:in `block in route!'
	/var/lib/gems/1.9.1/bundler/gems/sinatra-1022584156d1/lib/sinatra/base.rb:971:in `each'
	/var/lib/gems/1.9.1/bundler/gems/sinatra-1022584156d1/lib/sinatra/base.rb:971:in `route!'
	/var/lib/gems/1.9.1/bundler/gems/sinatra-1022584156d1/lib/sinatra/base.rb:1084:in `block in dispatch!'
	/var/lib/gems/1.9.1/bundler/gems/sinatra-1022584156d1/lib/sinatra/base.rb:1066:in `block in invoke'
	/var/lib/gems/1.9.1/bundler/gems/sinatra-1022584156d1/lib/sinatra/base.rb:1066:in `catch'
	/var/lib/gems/1.9.1/bundler/gems/sinatra-1022584156d1/lib/sinatra/base.rb:1066:in `invoke'
	/var/lib/gems/1.9.1/bundler/gems/sinatra-1022584156d1/lib/sinatra/base.rb:1081:in `dispatch!'
	/var/lib/gems/1.9.1/bundler/gems/sinatra-1022584156d1/lib/sinatra/base.rb:906:in `block in call!'
	/var/lib/gems/1.9.1/bundler/gems/sinatra-1022584156d1/lib/sinatra/base.rb:1066:in `block in invoke'
	/var/lib/gems/1.9.1/bundler/gems/sinatra-1022584156d1/lib/sinatra/base.rb:1066:in `catch'
	/var/lib/gems/1.9.1/bundler/gems/sinatra-1022584156d1/lib/sinatra/base.rb:1066:in `invoke'
	/var/lib/gems/1.9.1/bundler/gems/sinatra-1022584156d1/lib/sinatra/base.rb:906:in `call!'
	/var/lib/gems/1.9.1/bundler/gems/sinatra-1022584156d1/lib/sinatra/base.rb:894:in `call'
	/var/lib/gems/1.9.1/gems/rack-protection-1.5.3/lib/rack/protection/xss_header.rb:18:in `call'
	/var/lib/gems/1.9.1/gems/rack-protection-1.5.3/lib/rack/protection/base.rb:49:in `call'
	/var/lib/gems/1.9.1/gems/rack-protection-1.5.3/lib/rack/protection/base.rb:49:in `call'
	/var/lib/gems/1.9.1/gems/rack-protection-1.5.3/lib/rack/protection/path_traversal.rb:16:in `call'
	/var/lib/gems/1.9.1/gems/rack-protection-1.5.3/lib/rack/protection/json_csrf.rb:18:in `call'
	/var/lib/gems/1.9.1/gems/rack-protection-1.5.3/lib/rack/protection/base.rb:49:in `call'
	/var/lib/gems/1.9.1/gems/rack-protection-1.5.3/lib/rack/protection/base.rb:49:in `call'
	/var/lib/gems/1.9.1/gems/rack-protection-1.5.3/lib/rack/protection/frame_options.rb:31:in `call'
	/var/lib/gems/1.9.1/gems/rack-1.6.0/lib/rack/session/abstract/id.rb:225:in `context'
	/var/lib/gems/1.9.1/gems/rack-1.6.0/lib/rack/session/abstract/id.rb:220:in `call'
	/var/lib/gems/1.9.1/gems/rack-1.6.0/lib/rack/nulllogger.rb:9:in `call'
	/var/lib/gems/1.9.1/gems/rack-1.6.0/lib/rack/head.rb:13:in `call'
	/var/lib/gems/1.9.1/bundler/gems/sinatra-1022584156d1/lib/sinatra/show_exceptions.rb:21:in `call'
	/var/lib/gems/1.9.1/bundler/gems/sinatra-1022584156d1/lib/sinatra/base.rb:181:in `call'
	/var/lib/gems/1.9.1/bundler/gems/sinatra-1022584156d1/lib/sinatra/base.rb:2021:in `call'
	/var/lib/gems/1.9.1/bundler/gems/sinatra-1022584156d1/lib/sinatra/base.rb:1486:in `block in call'
	/var/lib/gems/1.9.1/bundler/gems/sinatra-1022584156d1/lib/sinatra/base.rb:1795:in `synchronize'
	/var/lib/gems/1.9.1/bundler/gems/sinatra-1022584156d1/lib/sinatra/base.rb:1486:in `call'
	/var/lib/gems/1.9.1/gems/rack-1.6.0/lib/rack/methodoverride.rb:22:in `call'
	/var/lib/gems/1.9.1/gems/rack-1.6.0/lib/rack/lint.rb:49:in `_call'
	/var/lib/gems/1.9.1/gems/rack-1.6.0/lib/rack/lint.rb:37:in `call'
	/var/lib/gems/1.9.1/gems/rack-1.6.0/lib/rack/showexceptions.rb:24:in `call'
	/var/lib/gems/1.9.1/gems/rack-1.6.0/lib/rack/commonlogger.rb:33:in `call'
	/var/lib/gems/1.9.1/bundler/gems/sinatra-1022584156d1/lib/sinatra/base.rb:218:in `call'
	/var/lib/gems/1.9.1/gems/rack-1.6.0/lib/rack/chunked.rb:54:in `call'
	/var/lib/gems/1.9.1/gems/rack-1.6.0/lib/rack/content_length.rb:15:in `call'
	/var/lib/gems/1.9.1/gems/unicorn-4.8.3/lib/unicorn/http_server.rb:576:in `process_client'
	/var/lib/gems/1.9.1/gems/unicorn-4.8.3/lib/unicorn/http_server.rb:670:in `worker_loop'
	/var/lib/gems/1.9.1/gems/unicorn-4.8.3/lib/unicorn/http_server.rb:525:in `spawn_missing_workers'
	/var/lib/gems/1.9.1/gems/unicorn-4.8.3/lib/unicorn/http_server.rb:140:in `start'
	/var/lib/gems/1.9.1/gems/unicorn-4.8.3/bin/unicorn:126:in `<top (required)>'
	/usr/local/bin/unicorn:23:in `load'
	/usr/local/bin/unicorn:23:in `<main>'
208.185.23.206 - - [10/Feb/2015:10:59:03 -0500] "GET /foods HTTP/1.1" 500 246407 0.1837
I, [2015-02-10T11:03:19.437334 #26073]  INFO -- : reaped #<Process::Status: pid 26075 exit 0> worker=0
I, [2015-02-10T11:03:19.438256 #26073]  INFO -- : master complete
